<?xml version="1.0" encoding="UTF-8"?>
<!-- Generated by org.testng.reporters.JUnitReportReporter -->
<testsuite hostname="mfv-computer-0163â€™" name="com.CucumberCraft.TestNGrunners.TestRunner" tests="1" failures="0" timestamp="30 Aug 2022 04:15:09 GMT" time="83.929" errors="0">
  <testcase name="Smoke Test on Web - feature - " time="83.929" classname="com.CucumberCraft.TestNGrunners.TestRunner"/>
</testsuite> <!-- com.CucumberCraft.TestNGrunners.TestRunner -->
